<?xml version="1.0" encoding="UTF-8"?>
<!-- Generated by org.testng.reporters.JUnitReportReporter -->
<testsuite hostname="LAPTOP-VPIQRG67" failures="0" tests="1" name="com.Actitime.GenericLibrary.BaseClass" time="21.783" errors="0" timestamp="2022-11-30T01:59:42 IST" skipped="0">
  <testcase classname="com.Actitime.GenericLibrary.BaseClass" name="createCustomer" time="21.783"/>
  <system-out>
    <![CDATA[Customer Created]]>
  </system-out>
</testsuite> <!-- com.Actitime.GenericLibrary.BaseClass -->
